Running: fuse.exe -relaunch -intstyle "ise" -incremental -o "H:/helloVHDL/multisim_isim_beh.exe" -prj "H:/helloVHDL/multisim_beh.prj" "work.multisim" 
ISim P.20131013 (signature 0x7708f090)
Number of CPUs detected in this system: 4
Turning on mult-threading, number of parallel sub-compilation jobs: 8 
Determining compilation order of HDL files
Parsing VHDL file "H:/helloVHDL/multi.vhd" into library work
Parsing VHDL file "H:/helloVHDL/fourBit_multi.vhd" into library work
Parsing VHDL file "H:/helloVHDL/multisim.vhd" into library work
Starting static elaboration
Completed static elaboration
Compiling package standard
Compiling package std_logic_1164
Compiling package std_logic_arith
Compiling package std_logic_unsigned
Compiling package numeric_std
Compiling architecture behavioral of entity multi [multi_default]
Compiling architecture behavioral of entity fourBit_multi [fourbit_multi_default]
Compiling architecture behavior of entity multisim
Time Resolution for simulation is 1ps.
Waiting for 1 sub-compilation(s) to finish...
Compiled 10 VHDL Units
Built simulation executable H:/helloVHDL/multisim_isim_beh.exe
Fuse Memory Usage: 36776 KB
Fuse CPU Usage: 1060 ms
